This is pdfTeX, Version 3.1415926-2.3-1.40.12 (MiKTeX 2.9) (preloaded format=pdflatex 2017.4.9)  14 AUG 2017 09:10
entering extended mode
**Diagnosing_outliers_and_visualization_of_quantile_regression_models.tex

(E:\vis-qrodm\Markdown\Diagnosing_outliers_and_visualization_of_quantile_regres
sion_models.tex
LaTeX2e <2011/06/27>
Babel <v3.8m> and hyphenation patterns for loaded.
(E:\vis-qrodm\Markdown\jss.cls
Document Class: jss 2015/09/01 3.0 jss class by Achim Zeileis
(C:\CTEX\MiKTeX\tex\latex\base\article.cls
Document Class: article 2007/10/19 v1.4h Standard LaTeX document class
(C:\CTEX\MiKTeX\tex\latex\base\size11.clo
File: size11.clo 2007/10/19 v1.4h Standard LaTeX file (size option)
)
\c@part=\count79
\c@section=\count80
\c@subsection=\count81
\c@subsubsection=\count82
\c@paragraph=\count83
\c@subparagraph=\count84
\c@figure=\count85
\c@table=\count86
\abovecaptionskip=\skip41
\belowcaptionskip=\skip42
\bibindent=\dimen102
) (C:\CTEX\MiKTeX\tex\latex\graphics\graphicx.sty
Package: graphicx 1999/02/16 v1.0f Enhanced LaTeX Graphics (DPC,SPQR)
(C:\CTEX\MiKTeX\tex\latex\graphics\keyval.sty
Package: keyval 1999/03/16 v1.13 key=value parser (DPC)
\KV@toks@=\toks14
) (C:\CTEX\MiKTeX\tex\latex\graphics\graphics.sty
Package: graphics 2009/02/05 v1.0o Standard LaTeX Graphics (DPC,SPQR)
(C:\CTEX\MiKTeX\tex\latex\graphics\trig.sty
Package: trig 1999/03/16 v1.09 sin cos tan (DPC)
) (C:\CTEX\MiKTeX\tex\latex\00miktex\graphics.cfg
File: graphics.cfg 2007/01/18 v1.5 graphics configuration of teTeX/TeXLive
)
Package graphics Info: Driver file: pdftex.def on input line 91.
(C:\CTEX\MiKTeX\tex\latex\pdftex-def\pdftex.def
File: pdftex.def 2011/05/27 v0.06d Graphics/color for pdfTeX
(C:\CTEX\MiKTeX\tex\generic\oberdiek\infwarerr.sty
Package: infwarerr 2010/04/08 v1.3 Providing info/warning/message (HO)
) (C:\CTEX\MiKTeX\tex\generic\oberdiek\ltxcmds.sty
Package: ltxcmds 2011/04/18 v1.20 LaTeX kernel commands for general use (HO)
)
\Gread@gobject=\count87
))
\Gin@req@height=\dimen103
\Gin@req@width=\dimen104
) (C:\CTEX\MiKTeX\tex\latex\graphics\color.sty
Package: color 2005/11/14 v1.0j Standard LaTeX Color (DPC)
(C:\CTEX\MiKTeX\tex\latex\00miktex\color.cfg
File: color.cfg 2007/01/18 v1.5 color configuration of teTeX/TeXLive
)
Package color Info: Driver file: pdftex.def on input line 130.
) (C:\CTEX\MiKTeX\tex\latex\ae\ae.sty
Package: ae 2001/02/12 1.3 Almost European Computer Modern
(C:\CTEX\MiKTeX\tex\latex\base\fontenc.sty
Package: fontenc 2005/09/27 v1.99g Standard LaTeX package
(C:\CTEX\MiKTeX\tex\latex\base\t1enc.def
File: t1enc.def 2005/09/27 v1.99g Standard LaTeX file
LaTeX Font Info:    Redeclaring font encoding T1 on input line 43.
)
LaTeX Font Info:    Try loading font information for T1+aer on input line 100.
(C:\CTEX\MiKTeX\tex\latex\ae\t1aer.fd
File: t1aer.fd 1997/11/16 Font definitions for T1/aer.
))) (C:\CTEX\MiKTeX\tex\latex\fancyvrb\fancyvrb.sty
Package: fancyvrb 2008/02/07

Style option: `fancyvrb' v2.7a, with DG/SPQR fixes, and firstline=lastline fix 
<2008/02/07> (tvz)
\FV@CodeLineNo=\count88
\FV@InFile=\read1
\FV@TabBox=\box26
\c@FancyVerbLine=\count89
\FV@StepNumber=\count90
\FV@OutFile=\write3
) (C:\CTEX\MiKTeX\tex\latex\base\fontenc.sty
Package: fontenc 2005/09/27 v1.99g Standard LaTeX package
(C:\CTEX\MiKTeX\tex\latex\base\t1enc.def
File: t1enc.def 2005/09/27 v1.99g Standard LaTeX file
LaTeX Font Info:    Redeclaring font encoding T1 on input line 43.
)) (C:\CTEX\MiKTeX\tex\latex\upquote\upquote.sty
Package: upquote 2003/08/11 v1.1 Covington's upright-quote modification to verb
atim and verb
(C:\CTEX\MiKTeX\tex\latex\base\textcomp.sty
Package: textcomp 2005/09/27 v1.99g Standard LaTeX package
Package textcomp Info: Sub-encoding information:
(textcomp)               5 = only ISO-Adobe without \textcurrency
(textcomp)               4 = 5 + \texteuro
(textcomp)               3 = 4 + \textohm
(textcomp)               2 = 3 + \textestimated + \textcurrency
(textcomp)               1 = TS1 - \textcircled - \t
(textcomp)               0 = TS1 (full)
(textcomp)             Font families with sub-encoding setting implement
(textcomp)             only a restricted character set as indicated.
(textcomp)             Family '?' is the default used for unknown fonts.
(textcomp)             See the documentation for details.
Package textcomp Info: Setting ? sub-encoding to TS1/1 on input line 71.
(C:\CTEX\MiKTeX\tex\latex\base\ts1enc.def
File: ts1enc.def 2001/06/05 v3.0e (jk/car/fm) Standard LaTeX file
)
LaTeX Info: Redefining \oldstylenums on input line 266.
Package textcomp Info: Setting cmr sub-encoding to TS1/0 on input line 281.
Package textcomp Info: Setting cmss sub-encoding to TS1/0 on input line 282.
Package textcomp Info: Setting cmtt sub-encoding to TS1/0 on input line 283.
Package textcomp Info: Setting cmvtt sub-encoding to TS1/0 on input line 284.
Package textcomp Info: Setting cmbr sub-encoding to TS1/0 on input line 285.
Package textcomp Info: Setting cmtl sub-encoding to TS1/0 on input line 286.
Package textcomp Info: Setting ccr sub-encoding to TS1/0 on input line 287.
Package textcomp Info: Setting ptm sub-encoding to TS1/4 on input line 288.
Package textcomp Info: Setting pcr sub-encoding to TS1/4 on input line 289.
Package textcomp Info: Setting phv sub-encoding to TS1/4 on input line 290.
Package textcomp Info: Setting ppl sub-encoding to TS1/3 on input line 291.
Package textcomp Info: Setting pag sub-encoding to TS1/4 on input line 292.
Package textcomp Info: Setting pbk sub-encoding to TS1/4 on input line 293.
Package textcomp Info: Setting pnc sub-encoding to TS1/4 on input line 294.
Package textcomp Info: Setting pzc sub-encoding to TS1/4 on input line 295.
Package textcomp Info: Setting bch sub-encoding to TS1/4 on input line 296.
Package textcomp Info: Setting put sub-encoding to TS1/5 on input line 297.
Package textcomp Info: Setting uag sub-encoding to TS1/5 on input line 298.
Package textcomp Info: Setting ugq sub-encoding to TS1/5 on input line 299.
Package textcomp Info: Setting ul8 sub-encoding to TS1/4 on input line 300.
Package textcomp Info: Setting ul9 sub-encoding to TS1/4 on input line 301.
Package textcomp Info: Setting augie sub-encoding to TS1/5 on input line 302.
Package textcomp Info: Setting dayrom sub-encoding to TS1/3 on input line 303.
Package textcomp Info: Setting dayroms sub-encoding to TS1/3 on input line 304.

Package textcomp Info: Setting pxr sub-encoding to TS1/0 on input line 305.
Package textcomp Info: Setting pxss sub-encoding to TS1/0 on input line 306.
Package textcomp Info: Setting pxtt sub-encoding to TS1/0 on input line 307.
Package textcomp Info: Setting txr sub-encoding to TS1/0 on input line 308.
Package textcomp Info: Setting txss sub-encoding to TS1/0 on input line 309.
Package textcomp Info: Setting txtt sub-encoding to TS1/0 on input line 310.
Package textcomp Info: Setting lmr sub-encoding to TS1/0 on input line 311.
Package textcomp Info: Setting lmdh sub-encoding to TS1/0 on input line 312.
Package textcomp Info: Setting lmss sub-encoding to TS1/0 on input line 313.
Package textcomp Info: Setting lmssq sub-encoding to TS1/0 on input line 314.
Package textcomp Info: Setting lmvtt sub-encoding to TS1/0 on input line 315.
Package textcomp Info: Setting qhv sub-encoding to TS1/0 on input line 316.
Package textcomp Info: Setting qag sub-encoding to TS1/0 on input line 317.
Package textcomp Info: Setting qbk sub-encoding to TS1/0 on input line 318.
Package textcomp Info: Setting qcr sub-encoding to TS1/0 on input line 319.
Package textcomp Info: Setting qcs sub-encoding to TS1/0 on input line 320.
Package textcomp Info: Setting qpl sub-encoding to TS1/0 on input line 321.
Package textcomp Info: Setting qtm sub-encoding to TS1/0 on input line 322.
Package textcomp Info: Setting qzc sub-encoding to TS1/0 on input line 323.
Package textcomp Info: Setting qhvc sub-encoding to TS1/0 on input line 324.
Package textcomp Info: Setting futs sub-encoding to TS1/4 on input line 325.
Package textcomp Info: Setting futx sub-encoding to TS1/4 on input line 326.
Package textcomp Info: Setting futj sub-encoding to TS1/4 on input line 327.
Package textcomp Info: Setting hlh sub-encoding to TS1/3 on input line 328.
Package textcomp Info: Setting hls sub-encoding to TS1/3 on input line 329.
Package textcomp Info: Setting hlst sub-encoding to TS1/3 on input line 330.
Package textcomp Info: Setting hlct sub-encoding to TS1/5 on input line 331.
Package textcomp Info: Setting hlx sub-encoding to TS1/5 on input line 332.
Package textcomp Info: Setting hlce sub-encoding to TS1/5 on input line 333.
Package textcomp Info: Setting hlcn sub-encoding to TS1/5 on input line 334.
Package textcomp Info: Setting hlcw sub-encoding to TS1/5 on input line 335.
Package textcomp Info: Setting hlcf sub-encoding to TS1/5 on input line 336.
Package textcomp Info: Setting pplx sub-encoding to TS1/3 on input line 337.
Package textcomp Info: Setting pplj sub-encoding to TS1/3 on input line 338.
Package textcomp Info: Setting ptmx sub-encoding to TS1/4 on input line 339.
Package textcomp Info: Setting ptmj sub-encoding to TS1/4 on input line 340.
)) (C:\CTEX\MiKTeX\tex\latex\natbib\natbib.sty
Package: natbib 2010/09/13 8.31b (PWD, AO)
\bibhang=\skip43
\bibsep=\skip44
LaTeX Info: Redefining \cite on input line 694.
\c@NAT@ctr=\count91
)
\footerskip=\skip45
(C:\CTEX\MiKTeX\tex\latex\hyperref\hyperref.sty
Package: hyperref 2012/02/06 v6.82o Hypertext links for LaTeX
(C:\CTEX\MiKTeX\tex\generic\oberdiek\hobsub-hyperref.sty
Package: hobsub-hyperref 2011/04/23 v1.4 Bundle oberdiek, subset hyperref (HO)
(C:\CTEX\MiKTeX\tex\generic\oberdiek\hobsub-generic.sty
Package: hobsub-generic 2011/04/23 v1.4 Bundle oberdiek, subset generic (HO)
Package: hobsub 2011/04/23 v1.4 Subsetting bundle oberdiek (HO)
Package hobsub Info: Skipping package `infwarerr' (already loaded).
Package hobsub Info: Skipping package `ltxcmds' (already loaded).
Package: ifluatex 2010/03/01 v1.3 Provides the ifluatex switch (HO)
Package ifluatex Info: LuaTeX not detected.
Package: ifvtex 2010/03/01 v1.5 Switches for detecting VTeX and its modes (HO)
Package ifvtex Info: VTeX not detected.
Package: intcalc 2007/09/27 v1.1 Expandable integer calculations (HO)
Package: ifpdf 2011/01/30 v2.3 Provides the ifpdf switch (HO)
Package ifpdf Info: pdfTeX in PDF mode is detected.
Package: etexcmds 2011/02/16 v1.5 Prefix for e-TeX command names (HO)
Package etexcmds Info: Could not find \expanded.
(etexcmds)             That can mean that you are not using pdfTeX 1.50 or
(etexcmds)             that some package has redefined \expanded.
(etexcmds)             In the latter case, load this package earlier.
Package: kvsetkeys 2011/04/07 v1.13 Key value parser (HO)
Package: kvdefinekeys 2011/04/07 v1.3 Defining keys (HO)
Package: pdftexcmds 2011/04/22 v0.16 Utilities of pdfTeX for LuaTeX (HO)
Package pdftexcmds Info: LuaTeX not detected.
Package pdftexcmds Info: \pdf@primitive is available.
Package pdftexcmds Info: \pdf@ifprimitive is available.
Package pdftexcmds Info: \pdfdraftmode found.
Package: pdfescape 2011/04/04 v1.12 Provides string conversions (HO)
Package: bigintcalc 2011/01/30 v1.2 Expandable big integer calculations (HO)
Package: bitset 2011/01/30 v1.1 Data type bit set (HO)
Package: uniquecounter 2011/01/30 v1.2 Provides unlimited unique counter (HO)
)
Package hobsub Info: Skipping package `hobsub' (already loaded).
Package: letltxmacro 2010/09/02 v1.4 Let assignment for LaTeX macros (HO)
Package: hopatch 2011/01/30 v1.0 Wrapper for package hooks (HO)
Package: xcolor-patch 2011/01/30 xcolor patch
Package: atveryend 2011/04/23 v1.7 Hooks at very end of document (HO)
Package: atbegshi 2011/01/30 v1.15 At begin shipout hook (HO)
Package: refcount 2010/12/01 v3.2 Data extraction from references (HO)
Package: hycolor 2011/01/30 v1.7 Color options of hyperref/bookmark (HO)
) (C:\CTEX\MiKTeX\tex\generic\ifxetex\ifxetex.sty
Package: ifxetex 2010/09/12 v0.6 Provides ifxetex conditional
) (C:\CTEX\MiKTeX\tex\latex\oberdiek\kvoptions.sty
Package: kvoptions 2010/12/23 v3.10 Keyval support for LaTeX options (HO)
)
\@linkdim=\dimen105
\Hy@linkcounter=\count92
\Hy@pagecounter=\count93
(C:\CTEX\MiKTeX\tex\latex\hyperref\pd1enc.def
File: pd1enc.def 2012/02/06 v6.82o Hyperref: PDFDocEncoding definition (HO)
)
\Hy@SavedSpaceFactor=\count94
(C:\CTEX\MiKTeX\tex\latex\00miktex\hyperref.cfg
File: hyperref.cfg 2002/06/06 v1.2 hyperref configuration of TeXLive
)
Package hyperref Info: Hyper figures OFF on input line 4046.
Package hyperref Info: Link nesting OFF on input line 4051.
Package hyperref Info: Hyper index ON on input line 4054.
Package hyperref Info: Plain pages OFF on input line 4061.
Package hyperref Info: Backreferencing OFF on input line 4066.
Package hyperref Info: Implicit mode ON; LaTeX internals redefined.
Package hyperref Info: Bookmarks ON on input line 4284.
\c@Hy@tempcnt=\count95
(C:\CTEX\MiKTeX\tex\latex\ltxmisc\url.sty
\Urlmuskip=\muskip10
Package: url 2006/04/12  ver 3.3  Verb mode for urls, etc.
)
LaTeX Info: Redefining \url on input line 4637.
\Fld@menulength=\count96
\Field@Width=\dimen106
\Fld@charsize=\dimen107
Package hyperref Info: Hyper figures OFF on input line 5757.
Package hyperref Info: Link nesting OFF on input line 5762.
Package hyperref Info: Hyper index ON on input line 5765.
Package hyperref Info: backreferencing OFF on input line 5772.
Package hyperref Info: Link coloring OFF on input line 5777.
Package hyperref Info: Link coloring with OCG OFF on input line 5782.
Package hyperref Info: PDF/A mode OFF on input line 5787.
LaTeX Info: Redefining \ref on input line 5827.
LaTeX Info: Redefining \pageref on input line 5831.
\Hy@abspage=\count97
\c@Item=\count98
\c@Hfootnote=\count99
)

Package hyperref Message: Driver (autodetected): hpdftex.

(C:\CTEX\MiKTeX\tex\latex\hyperref\hpdftex.def
File: hpdftex.def 2012/02/06 v6.82o Hyperref driver for pdfTeX
\Fld@listcount=\count100
\c@bookmark@seq@number=\count101
(C:\CTEX\MiKTeX\tex\latex\oberdiek\rerunfilecheck.sty
Package: rerunfilecheck 2011/04/15 v1.7 Rerun checks for auxiliary files (HO)
Package uniquecounter Info: New unique counter `rerunfilecheck' on input line 2
82.
)
\Hy@SectionHShift=\skip46
)
\preXLskip=\skip47
\preLskip=\skip48
\preMskip=\skip49
\preSskip=\skip50
\postMskip=\skip51
\postSskip=\skip52

Package hyperref Warning: Option `hyperindex' has already been used,
(hyperref)                setting the option has no effect on input line 466.

Package hyperref Info: Option `colorlinks' set `true' on input line 466.
Package hyperref Info: Option `linktocpage' set `true' on input line 466.
Package hyperref Info: Option `plainpages' set `false' on input line 466.
) (C:\CTEX\MiKTeX\tex\latex\base\inputenc.sty
Package: inputenc 2008/03/30 v1.1d Input encoding file
\inpenc@prehook=\toks15
\inpenc@posthook=\toks16
(C:\CTEX\MiKTeX\tex\latex\base\utf8.def
File: utf8.def 2008/04/05 v1.1m UTF-8 support for inputenc
Now handling font encoding OML ...
... no UTF-8 mapping file for font encoding OML
Now handling font encoding T1 ...
... processing UTF-8 mapping file for font encoding T1
(C:\CTEX\MiKTeX\tex\latex\base\t1enc.dfu
File: t1enc.dfu 2008/04/05 v1.1m UTF-8 support for inputenc
   defining Unicode char U+00A1 (decimal 161)
   defining Unicode char U+00A3 (decimal 163)
   defining Unicode char U+00AB (decimal 171)
   defining Unicode char U+00BB (decimal 187)
   defining Unicode char U+00BF (decimal 191)
   defining Unicode char U+00C0 (decimal 192)
   defining Unicode char U+00C1 (decimal 193)
   defining Unicode char U+00C2 (decimal 194)
   defining Unicode char U+00C3 (decimal 195)
   defining Unicode char U+00C4 (decimal 196)
   defining Unicode char U+00C5 (decimal 197)
   defining Unicode char U+00C6 (decimal 198)
   defining Unicode char U+00C7 (decimal 199)
   defining Unicode char U+00C8 (decimal 200)
   defining Unicode char U+00C9 (decimal 201)
   defining Unicode char U+00CA (decimal 202)
   defining Unicode char U+00CB (decimal 203)
   defining Unicode char U+00CC (decimal 204)
   defining Unicode char U+00CD (decimal 205)
   defining Unicode char U+00CE (decimal 206)
   defining Unicode char U+00CF (decimal 207)
   defining Unicode char U+00D0 (decimal 208)
   defining Unicode char U+00D1 (decimal 209)
   defining Unicode char U+00D2 (decimal 210)
   defining Unicode char U+00D3 (decimal 211)
   defining Unicode char U+00D4 (decimal 212)
   defining Unicode char U+00D5 (decimal 213)
   defining Unicode char U+00D6 (decimal 214)
   defining Unicode char U+00D8 (decimal 216)
   defining Unicode char U+00D9 (decimal 217)
   defining Unicode char U+00DA (decimal 218)
   defining Unicode char U+00DB (decimal 219)
   defining Unicode char U+00DC (decimal 220)
   defining Unicode char U+00DD (decimal 221)
   defining Unicode char U+00DE (decimal 222)
   defining Unicode char U+00DF (decimal 223)
   defining Unicode char U+00E0 (decimal 224)
   defining Unicode char U+00E1 (decimal 225)
   defining Unicode char U+00E2 (decimal 226)
   defining Unicode char U+00E3 (decimal 227)
   defining Unicode char U+00E4 (decimal 228)
   defining Unicode char U+00E5 (decimal 229)
   defining Unicode char U+00E6 (decimal 230)
   defining Unicode char U+00E7 (decimal 231)
   defining Unicode char U+00E8 (decimal 232)
   defining Unicode char U+00E9 (decimal 233)
   defining Unicode char U+00EA (decimal 234)
   defining Unicode char U+00EB (decimal 235)
   defining Unicode char U+00EC (decimal 236)
   defining Unicode char U+00ED (decimal 237)
   defining Unicode char U+00EE (decimal 238)
   defining Unicode char U+00EF (decimal 239)
   defining Unicode char U+00F0 (decimal 240)
   defining Unicode char U+00F1 (decimal 241)
   defining Unicode char U+00F2 (decimal 242)
   defining Unicode char U+00F3 (decimal 243)
   defining Unicode char U+00F4 (decimal 244)
   defining Unicode char U+00F5 (decimal 245)
   defining Unicode char U+00F6 (decimal 246)
   defining Unicode char U+00F8 (decimal 248)
   defining Unicode char U+00F9 (decimal 249)
   defining Unicode char U+00FA (decimal 250)
   defining Unicode char U+00FB (decimal 251)
   defining Unicode char U+00FC (decimal 252)
   defining Unicode char U+00FD (decimal 253)
   defining Unicode char U+00FE (decimal 254)
   defining Unicode char U+00FF (decimal 255)
   defining Unicode char U+0102 (decimal 258)
   defining Unicode char U+0103 (decimal 259)
   defining Unicode char U+0104 (decimal 260)
   defining Unicode char U+0105 (decimal 261)
   defining Unicode char U+0106 (decimal 262)
   defining Unicode char U+0107 (decimal 263)
   defining Unicode char U+010C (decimal 268)
   defining Unicode char U+010D (decimal 269)
   defining Unicode char U+010E (decimal 270)
   defining Unicode char U+010F (decimal 271)
   defining Unicode char U+0110 (decimal 272)
   defining Unicode char U+0111 (decimal 273)
   defining Unicode char U+0118 (decimal 280)
   defining Unicode char U+0119 (decimal 281)
   defining Unicode char U+011A (decimal 282)
   defining Unicode char U+011B (decimal 283)
   defining Unicode char U+011E (decimal 286)
   defining Unicode char U+011F (decimal 287)
   defining Unicode char U+0130 (decimal 304)
   defining Unicode char U+0131 (decimal 305)
   defining Unicode char U+0132 (decimal 306)
   defining Unicode char U+0133 (decimal 307)
   defining Unicode char U+0139 (decimal 313)
   defining Unicode char U+013A (decimal 314)
   defining Unicode char U+013D (decimal 317)
   defining Unicode char U+013E (decimal 318)
   defining Unicode char U+0141 (decimal 321)
   defining Unicode char U+0142 (decimal 322)
   defining Unicode char U+0143 (decimal 323)
   defining Unicode char U+0144 (decimal 324)
   defining Unicode char U+0147 (decimal 327)
   defining Unicode char U+0148 (decimal 328)
   defining Unicode char U+014A (decimal 330)
   defining Unicode char U+014B (decimal 331)
   defining Unicode char U+0150 (decimal 336)
   defining Unicode char U+0151 (decimal 337)
   defining Unicode char U+0152 (decimal 338)
   defining Unicode char U+0153 (decimal 339)
   defining Unicode char U+0154 (decimal 340)
   defining Unicode char U+0155 (decimal 341)
   defining Unicode char U+0158 (decimal 344)
   defining Unicode char U+0159 (decimal 345)
   defining Unicode char U+015A (decimal 346)
   defining Unicode char U+015B (decimal 347)
   defining Unicode char U+015E (decimal 350)
   defining Unicode char U+015F (decimal 351)
   defining Unicode char U+0160 (decimal 352)
   defining Unicode char U+0161 (decimal 353)
   defining Unicode char U+0162 (decimal 354)
   defining Unicode char U+0163 (decimal 355)
   defining Unicode char U+0164 (decimal 356)
   defining Unicode char U+0165 (decimal 357)
   defining Unicode char U+016E (decimal 366)
   defining Unicode char U+016F (decimal 367)
   defining Unicode char U+0170 (decimal 368)
   defining Unicode char U+0171 (decimal 369)
   defining Unicode char U+0178 (decimal 376)
   defining Unicode char U+0179 (decimal 377)
   defining Unicode char U+017A (decimal 378)
   defining Unicode char U+017B (decimal 379)
   defining Unicode char U+017C (decimal 380)
   defining Unicode char U+017D (decimal 381)
   defining Unicode char U+017E (decimal 382)
   defining Unicode char U+200C (decimal 8204)
   defining Unicode char U+2013 (decimal 8211)
   defining Unicode char U+2014 (decimal 8212)
   defining Unicode char U+2018 (decimal 8216)
   defining Unicode char U+2019 (decimal 8217)
   defining Unicode char U+201A (decimal 8218)
   defining Unicode char U+201C (decimal 8220)
   defining Unicode char U+201D (decimal 8221)
   defining Unicode char U+201E (decimal 8222)
   defining Unicode char U+2030 (decimal 8240)
   defining Unicode char U+2031 (decimal 8241)
   defining Unicode char U+2039 (decimal 8249)
   defining Unicode char U+203A (decimal 8250)
   defining Unicode char U+2423 (decimal 9251)
)
Now handling font encoding OT1 ...
... processing UTF-8 mapping file for font encoding OT1
(C:\CTEX\MiKTeX\tex\latex\base\ot1enc.dfu
File: ot1enc.dfu 2008/04/05 v1.1m UTF-8 support for inputenc
   defining Unicode char U+00A1 (decimal 161)
   defining Unicode char U+00A3 (decimal 163)
   defining Unicode char U+00B8 (decimal 184)
   defining Unicode char U+00BF (decimal 191)
   defining Unicode char U+00C5 (decimal 197)
   defining Unicode char U+00C6 (decimal 198)
   defining Unicode char U+00D8 (decimal 216)
   defining Unicode char U+00DF (decimal 223)
   defining Unicode char U+00E6 (decimal 230)
   defining Unicode char U+00EC (decimal 236)
   defining Unicode char U+00ED (decimal 237)
   defining Unicode char U+00EE (decimal 238)
   defining Unicode char U+00EF (decimal 239)
   defining Unicode char U+00F8 (decimal 248)
   defining Unicode char U+0131 (decimal 305)
   defining Unicode char U+0141 (decimal 321)
   defining Unicode char U+0142 (decimal 322)
   defining Unicode char U+0152 (decimal 338)
   defining Unicode char U+0153 (decimal 339)
   defining Unicode char U+2013 (decimal 8211)
   defining Unicode char U+2014 (decimal 8212)
   defining Unicode char U+2018 (decimal 8216)
   defining Unicode char U+2019 (decimal 8217)
   defining Unicode char U+201C (decimal 8220)
   defining Unicode char U+201D (decimal 8221)
)
Now handling font encoding OMS ...
... processing UTF-8 mapping file for font encoding OMS
(C:\CTEX\MiKTeX\tex\latex\base\omsenc.dfu
File: omsenc.dfu 2008/04/05 v1.1m UTF-8 support for inputenc
   defining Unicode char U+00A7 (decimal 167)
   defining Unicode char U+00B6 (decimal 182)
   defining Unicode char U+00B7 (decimal 183)
   defining Unicode char U+2020 (decimal 8224)
   defining Unicode char U+2021 (decimal 8225)
   defining Unicode char U+2022 (decimal 8226)
)
Now handling font encoding OMX ...
... no UTF-8 mapping file for font encoding OMX
Now handling font encoding U ...
... no UTF-8 mapping file for font encoding U
Now handling font encoding TS1 ...
... processing UTF-8 mapping file for font encoding TS1
(C:\CTEX\MiKTeX\tex\latex\base\ts1enc.dfu
File: ts1enc.dfu 2008/04/05 v1.1m UTF-8 support for inputenc
   defining Unicode char U+00A2 (decimal 162)
   defining Unicode char U+00A3 (decimal 163)
   defining Unicode char U+00A4 (decimal 164)
   defining Unicode char U+00A5 (decimal 165)
   defining Unicode char U+00A6 (decimal 166)
   defining Unicode char U+00A7 (decimal 167)
   defining Unicode char U+00A8 (decimal 168)
   defining Unicode char U+00A9 (decimal 169)
   defining Unicode char U+00AA (decimal 170)
   defining Unicode char U+00AC (decimal 172)
   defining Unicode char U+00AE (decimal 174)
   defining Unicode char U+00AF (decimal 175)
   defining Unicode char U+00B0 (decimal 176)
   defining Unicode char U+00B1 (decimal 177)
   defining Unicode char U+00B2 (decimal 178)
   defining Unicode char U+00B3 (decimal 179)
   defining Unicode char U+00B4 (decimal 180)
   defining Unicode char U+00B5 (decimal 181)
   defining Unicode char U+00B6 (decimal 182)
   defining Unicode char U+00B7 (decimal 183)
   defining Unicode char U+00B9 (decimal 185)
   defining Unicode char U+00BA (decimal 186)
   defining Unicode char U+00BC (decimal 188)
   defining Unicode char U+00BD (decimal 189)
   defining Unicode char U+00BE (decimal 190)
   defining Unicode char U+00D7 (decimal 215)
   defining Unicode char U+00F7 (decimal 247)
   defining Unicode char U+0192 (decimal 402)
   defining Unicode char U+02C7 (decimal 711)
   defining Unicode char U+02D8 (decimal 728)
   defining Unicode char U+02DD (decimal 733)
   defining Unicode char U+0E3F (decimal 3647)
   defining Unicode char U+2016 (decimal 8214)
   defining Unicode char U+2020 (decimal 8224)
   defining Unicode char U+2021 (decimal 8225)
   defining Unicode char U+2022 (decimal 8226)
   defining Unicode char U+2030 (decimal 8240)
   defining Unicode char U+2031 (decimal 8241)
   defining Unicode char U+203B (decimal 8251)
   defining Unicode char U+203D (decimal 8253)
   defining Unicode char U+2044 (decimal 8260)
   defining Unicode char U+204E (decimal 8270)
   defining Unicode char U+2052 (decimal 8274)
   defining Unicode char U+20A1 (decimal 8353)
   defining Unicode char U+20A4 (decimal 8356)
   defining Unicode char U+20A6 (decimal 8358)
   defining Unicode char U+20A9 (decimal 8361)
   defining Unicode char U+20AB (decimal 8363)
   defining Unicode char U+20AC (decimal 8364)
   defining Unicode char U+20B1 (decimal 8369)
   defining Unicode char U+2103 (decimal 8451)
   defining Unicode char U+2116 (decimal 8470)
   defining Unicode char U+2117 (decimal 8471)
   defining Unicode char U+211E (decimal 8478)
   defining Unicode char U+2120 (decimal 8480)
   defining Unicode char U+2122 (decimal 8482)
   defining Unicode char U+2126 (decimal 8486)
   defining Unicode char U+2127 (decimal 8487)
   defining Unicode char U+212E (decimal 8494)
   defining Unicode char U+2190 (decimal 8592)
   defining Unicode char U+2191 (decimal 8593)
   defining Unicode char U+2192 (decimal 8594)
   defining Unicode char U+2193 (decimal 8595)
   defining Unicode char U+2329 (decimal 9001)
   defining Unicode char U+232A (decimal 9002)
   defining Unicode char U+2422 (decimal 9250)
   defining Unicode char U+25E6 (decimal 9702)
   defining Unicode char U+25EF (decimal 9711)
   defining Unicode char U+266A (decimal 9834)
)
Now handling font encoding PD1 ...
... no UTF-8 mapping file for font encoding PD1
   defining Unicode char U+00A9 (decimal 169)
   defining Unicode char U+00AA (decimal 170)
   defining Unicode char U+00AE (decimal 174)
   defining Unicode char U+00BA (decimal 186)
   defining Unicode char U+02C6 (decimal 710)
   defining Unicode char U+02DC (decimal 732)
   defining Unicode char U+200C (decimal 8204)
   defining Unicode char U+2026 (decimal 8230)
   defining Unicode char U+2122 (decimal 8482)
   defining Unicode char U+2423 (decimal 9251)
)) (C:\CTEX\MiKTeX\tex\latex\ams\math\amsmath.sty
Package: amsmath 2000/07/18 v2.13 AMS math features
\@mathmargin=\skip53
For additional information on amsmath, use the `?' option.
(C:\CTEX\MiKTeX\tex\latex\ams\math\amstext.sty
Package: amstext 2000/06/29 v2.01
(C:\CTEX\MiKTeX\tex\latex\ams\math\amsgen.sty
File: amsgen.sty 1999/11/30 v2.0
\@emptytoks=\toks17
\ex@=\dimen108
)) (C:\CTEX\MiKTeX\tex\latex\ams\math\amsbsy.sty
Package: amsbsy 1999/11/29 v1.2d
\pmbraise@=\dimen109
) (C:\CTEX\MiKTeX\tex\latex\ams\math\amsopn.sty
Package: amsopn 1999/12/14 v2.01 operator names
)
\inf@bad=\count102
LaTeX Info: Redefining \frac on input line 211.
\uproot@=\count103
\leftroot@=\count104
LaTeX Info: Redefining \overline on input line 307.
\classnum@=\count105
\DOTSCASE@=\count106
LaTeX Info: Redefining \ldots on input line 379.
LaTeX Info: Redefining \dots on input line 382.
LaTeX Info: Redefining \cdots on input line 467.
\Mathstrutbox@=\box27
\strutbox@=\box28
\big@size=\dimen110
LaTeX Font Info:    Redeclaring font encoding OML on input line 567.
LaTeX Font Info:    Redeclaring font encoding OMS on input line 568.
\macc@depth=\count107
\c@MaxMatrixCols=\count108
\dotsspace@=\muskip11
\c@parentequation=\count109
\dspbrk@lvl=\count110
\tag@help=\toks18
\row@=\count111
\column@=\count112
\maxfields@=\count113
\andhelp@=\toks19
\eqnshift@=\dimen111
\alignsep@=\dimen112
\tagshift@=\dimen113
\tagwidth@=\dimen114
\totwidth@=\dimen115
\lineht@=\dimen116
\@envbody=\toks20
\multlinegap=\skip54
\multlinetaggap=\skip55
\mathdisplay@stack=\toks21
LaTeX Info: Redefining \[ on input line 2666.
LaTeX Info: Redefining \] on input line 2667.
) (C:\CTEX\MiKTeX\tex\latex\amsfonts\amsfonts.sty
Package: amsfonts 2009/06/22 v3.00 Basic AMSFonts support
\symAMSa=\mathgroup4
\symAMSb=\mathgroup5
LaTeX Font Info:    Overwriting math alphabet `\mathfrak' in version `bold'
(Font)                  U/euf/m/n --> U/euf/b/n on input line 96.
) (C:\CTEX\MiKTeX\tex\latex\ams\classes\amsthm.sty
Package: amsthm 2004/08/06 v2.20
\thm@style=\toks22
\thm@bodyfont=\toks23
\thm@headfont=\toks24
\thm@notefont=\toks25
\thm@headpunct=\toks26
\thm@preskip=\skip56
\thm@postskip=\skip57
\thm@headsep=\skip58
\dth@everypar=\toks27
)
\c@theorem=\count114
\c@lemma=\count115
\c@definition=\count116
\c@corollary=\count117
\c@proposition=\count118
\c@example=\count119

(E:\vis-qrodm\Markdown\Diagnosing_outliers_and_visualization_of_quantile_regres
sion_models.aux)
LaTeX Font Info:    Checking defaults for OML/cmm/m/it on input line 72.
LaTeX Font Info:    ... okay on input line 72.
LaTeX Font Info:    Checking defaults for T1/cmr/m/n on input line 72.
LaTeX Font Info:    ... okay on input line 72.
LaTeX Font Info:    Checking defaults for OT1/cmr/m/n on input line 72.
LaTeX Font Info:    ... okay on input line 72.
LaTeX Font Info:    Checking defaults for OMS/cmsy/m/n on input line 72.
LaTeX Font Info:    ... okay on input line 72.
LaTeX Font Info:    Checking defaults for OMX/cmex/m/n on input line 72.
LaTeX Font Info:    ... okay on input line 72.
LaTeX Font Info:    Checking defaults for U/cmr/m/n on input line 72.
LaTeX Font Info:    ... okay on input line 72.
LaTeX Font Info:    Checking defaults for TS1/cmr/m/n on input line 72.
LaTeX Font Info:    Try loading font information for TS1+cmr on input line 72.
(C:\CTEX\MiKTeX\tex\latex\base\ts1cmr.fd
File: ts1cmr.fd 1999/05/25 v2.5h Standard LaTeX font definitions
)
LaTeX Font Info:    ... okay on input line 72.
LaTeX Font Info:    Checking defaults for PD1/pdf/m/n on input line 72.
LaTeX Font Info:    ... okay on input line 72.
(C:\CTEX\MiKTeX\tex\context\base\supp-pdf.mkii
[Loading MPS to PDF converter (version 2006.09.02).]
\scratchcounter=\count120
\scratchdimen=\dimen117
\scratchbox=\box29
\nofMPsegments=\count121
\nofMParguments=\count122
\everyMPshowfont=\toks28
\MPscratchCnt=\count123
\MPscratchDim=\dimen118
\MPnumerator=\count124
\makeMPintoPDFobject=\count125
\everyMPtoPDFconversion=\toks29
)
\AtBeginShipoutBox=\box30
Package hyperref Info: Link coloring ON on input line 72.
(C:\CTEX\MiKTeX\tex\latex\hyperref\nameref.sty
Package: nameref 2010/04/30 v2.40 Cross-referencing by name of section
(C:\CTEX\MiKTeX\tex\generic\oberdiek\gettitlestring.sty
Package: gettitlestring 2010/12/03 v1.4 Cleanup title references (HO)
)
\c@section@level=\count126
)
LaTeX Info: Redefining \ref on input line 72.
LaTeX Info: Redefining \pageref on input line 72.
LaTeX Info: Redefining \nameref on input line 72.

(E:\vis-qrodm\Markdown\Diagnosing_outliers_and_visualization_of_quantile_regres
sion_models.out)
(E:\vis-qrodm\Markdown\Diagnosing_outliers_and_visualization_of_quantile_regres
sion_models.out)
\@outlinefile=\write4
<jsslogo.jpg, id=79, 540.0175pt x 393.47pt>
File: jsslogo.jpg Graphic file (type jpg)
<use jsslogo.jpg>
Package pdftex.def Info: jsslogo.jpg used on input line 72.
(pdftex.def)             Requested size: 89.80768pt x 65.43607pt.
LaTeX Font Info:    Try loading font information for T1+pzc on input line 72.
(C:\CTEX\MiKTeX\tex\latex\psnfss\t1pzc.fd
File: t1pzc.fd 2001/06/04 font definitions for T1/pzc.
)
LaTeX Font Info:    Font shape `T1/pzc/m/n' in size <28> not available
(Font)              Font shape `T1/pzc/mb/it' tried instead on input line 72.
LaTeX Font Info:    Try loading font information for U+msa on input line 72.
(C:\CTEX\MiKTeX\tex\latex\amsfonts\umsa.fd
File: umsa.fd 2009/06/22 v3.00 AMS symbols A
)
LaTeX Font Info:    Try loading font information for U+msb on input line 72.
(C:\CTEX\MiKTeX\tex\latex\amsfonts\umsb.fd
File: umsb.fd 2009/06/22 v3.00 AMS symbols B
)
LaTeX Font Info:    Try loading font information for T1+aett on input line 72.
(C:\CTEX\MiKTeX\tex\latex\ae\t1aett.fd
File: t1aett.fd 1997/11/16 Font definitions for T1/aett.
) [1

{C:/CTEX/UserData/pdftex/config/pdftex.map{Unicode.sfd}{UGBK.sfd}} <E:/vis-qrod
m/Markdown/jsslogo.jpg>]
Overfull \hbox (5.47499pt too wide) has occurred while \output is active
\T1/aer/m/n/10.95 2 []
 []

[2]
LaTeX Font Info:    Try loading font information for TS1+aer on input line 217.

LaTeX Font Info:    No file TS1aer.fd. on input line 217.

LaTeX Font Warning: Font shape `TS1/aer/m/n' undefined
(Font)              using `TS1/cmr/m/n' instead
(Font)              for symbol `textbullet' on input line 217.


Overfull \hbox (5.47499pt too wide) has occurred while \output is active
[] \T1/aer/m/n/10.95 3
 []

[3]
Overfull \hbox (5.47499pt too wide) has occurred while \output is active
\T1/aer/m/n/10.95 4 []
 []

[4]
<Diagnosing_outliers_and_visualization_of_quantile_regression_models_files/figu
re-latex/vis-if-1.pdf, id=231, 650.43pt x 216.81pt>
File: Diagnosing_outliers_and_visualization_of_quantile_regression_models_files
/figure-latex/vis-if-1.pdf Graphic file (type pdf)

<use Diagnosing_outliers_and_visualization_of_quantile_regression_models_files/
figure-latex/vis-if-1.pdf>
Package pdftex.def Info: Diagnosing_outliers_and_visualization_of_quantile_regr
ession_models_files/figure-latex/vis-if-1.pdf used on input line 317.
(pdftex.def)             Requested size: 354.12434pt x 118.04497pt.

<Diagnosing_outliers_and_visualization_of_quantile_regression_models_files/figu
re-latex/qr-outlier-1.pdf, id=235, 650.43pt x 216.81pt>
File: Diagnosing_outliers_and_visualization_of_quantile_regression_models_files
/figure-latex/qr-outlier-1.pdf Graphic file (type pdf)

<use Diagnosing_outliers_and_visualization_of_quantile_regression_models_files/
figure-latex/qr-outlier-1.pdf>
Package pdftex.def Info: Diagnosing_outliers_and_visualization_of_quantile_regr
ession_models_files/figure-latex/qr-outlier-1.pdf used on input line 368.
(pdftex.def)             Requested size: 354.12434pt x 118.04497pt.

Overfull \hbox (5.47499pt too wide) has occurred while \output is active
[] \T1/aer/m/n/10.95 5
 []

[5 <E:/vis-qrodm/Markdown/Diagnosing_outliers_and_visualization_of_quantile_reg
ression_models_files/figure-latex/vis-if-1.pdf>]
<Diagnosing_outliers_and_visualization_of_quantile_regression_models_files/figu
re-latex/move-y1-1.pdf, id=256, 361.35pt x 289.08pt>
File: Diagnosing_outliers_and_visualization_of_quantile_regression_models_files
/figure-latex/move-y1-1.pdf Graphic file (type pdf)

<use Diagnosing_outliers_and_visualization_of_quantile_regression_models_files/
figure-latex/move-y1-1.pdf>
Package pdftex.def Info: Diagnosing_outliers_and_visualization_of_quantile_regr
ession_models_files/figure-latex/move-y1-1.pdf used on input line 414.
(pdftex.def)             Requested size: 354.12434pt x 283.30087pt.

<Diagnosing_outliers_and_visualization_of_quantile_regression_models_files/figu
re-latex/move-y2-1.pdf, id=257, 433.62pt x 216.81pt>
File: Diagnosing_outliers_and_visualization_of_quantile_regression_models_files
/figure-latex/move-y2-1.pdf Graphic file (type pdf)

<use Diagnosing_outliers_and_visualization_of_quantile_regression_models_files/
figure-latex/move-y2-1.pdf>
Package pdftex.def Info: Diagnosing_outliers_and_visualization_of_quantile_regr
ession_models_files/figure-latex/move-y2-1.pdf used on input line 425.
(pdftex.def)             Requested size: 354.12434pt x 177.07076pt.

<Diagnosing_outliers_and_visualization_of_quantile_regression_models_files/figu
re-latex/move-y-multi1-1.pdf, id=258, 578.16pt x 216.81pt>
File: Diagnosing_outliers_and_visualization_of_quantile_regression_models_files
/figure-latex/move-y-multi1-1.pdf Graphic file (type pdf)

<use Diagnosing_outliers_and_visualization_of_quantile_regression_models_files/
figure-latex/move-y-multi1-1.pdf>
Package pdftex.def Info: Diagnosing_outliers_and_visualization_of_quantile_regr
ession_models_files/figure-latex/move-y-multi1-1.pdf used on input line 436.
(pdftex.def)             Requested size: 354.12434pt x 132.79645pt.

<Diagnosing_outliers_and_visualization_of_quantile_regression_models_files/figu
re-latex/move-x1-1.pdf, id=259, 361.35pt x 289.08pt>
File: Diagnosing_outliers_and_visualization_of_quantile_regression_models_files
/figure-latex/move-x1-1.pdf Graphic file (type pdf)

<use Diagnosing_outliers_and_visualization_of_quantile_regression_models_files/
figure-latex/move-x1-1.pdf>
Package pdftex.def Info: Diagnosing_outliers_and_visualization_of_quantile_regr
ession_models_files/figure-latex/move-x1-1.pdf used on input line 447.
(pdftex.def)             Requested size: 354.12434pt x 283.30087pt.

<Diagnosing_outliers_and_visualization_of_quantile_regression_models_files/figu
re-latex/move-x2-1.pdf, id=260, 433.62pt x 216.81pt>
File: Diagnosing_outliers_and_visualization_of_quantile_regression_models_files
/figure-latex/move-x2-1.pdf Graphic file (type pdf)

<use Diagnosing_outliers_and_visualization_of_quantile_regression_models_files/
figure-latex/move-x2-1.pdf>
Package pdftex.def Info: Diagnosing_outliers_and_visualization_of_quantile_regr
ession_models_files/figure-latex/move-x2-1.pdf used on input line 458.
(pdftex.def)             Requested size: 354.12434pt x 177.07076pt.

Overfull \hbox (5.47499pt too wide) has occurred while \output is active
\T1/aer/m/n/10.95 6 []
 []

[6 <E:/vis-qrodm/Markdown/Diagnosing_outliers_and_visualization_of_quantile_reg
ression_models_files/figure-latex/qr-outlier-1.pdf>]
Overfull \hbox (5.47499pt too wide) has occurred while \output is active
[] \T1/aer/m/n/10.95 7
 []

[7 <E:/vis-qrodm/Markdown/Diagnosing_outliers_and_visualization_of_quantile_reg
ression_models_files/figure-latex/move-y1-1.pdf> <E:/vis-qrodm/Markdown/Diagnos
ing_outliers_and_visualization_of_quantile_regression_models_files/figure-latex
/move-y2-1.pdf>]
Overfull \hbox (5.47499pt too wide) has occurred while \output is active
\T1/aer/m/n/10.95 8 []
 []

[8 <E:/vis-qrodm/Markdown/Diagnosing_outliers_and_visualization_of_quantile_reg
ression_models_files/figure-latex/move-y-multi1-1.pdf> <E:/vis-qrodm/Markdown/D
iagnosing_outliers_and_visualization_of_quantile_regression_models_files/figure
-latex/move-x1-1.pdf>]
Overfull \hbox (5.47499pt too wide) has occurred while \output is active
[] \T1/aer/m/n/10.95 9
 []

[9 <E:/vis-qrodm/Markdown/Diagnosing_outliers_and_visualization_of_quantile_reg
ression_models_files/figure-latex/move-x2-1.pdf>]
Overfull \hbox (10.94998pt too wide) has occurred while \output is active
\T1/aer/m/n/10.95 10 []
 []

[10]
Overfull \hbox (10.94998pt too wide) has occurred while \output is active
[] \T1/aer/m/n/10.95 11
 []

[11]
Overfull \hbox (10.94998pt too wide) has occurred while \output is active
\T1/aer/m/n/10.95 12 []
 []

[12]
<Diagnosing_outliers_and_visualization_of_quantile_regression_models_files/figu
re-latex/single-case-1.pdf, id=399, 361.35pt x 216.81pt>
File: Diagnosing_outliers_and_visualization_of_quantile_regression_models_files
/figure-latex/single-case-1.pdf Graphic file (type pdf)

<use Diagnosing_outliers_and_visualization_of_quantile_regression_models_files/
figure-latex/single-case-1.pdf>
Package pdftex.def Info: Diagnosing_outliers_and_visualization_of_quantile_regr
ession_models_files/figure-latex/single-case-1.pdf used on input line 774.
(pdftex.def)             Requested size: 354.12434pt x 212.47565pt.

Overfull \hbox (10.94998pt too wide) has occurred while \output is active
[] \T1/aer/m/n/10.95 13
 []

[13 <E:/vis-qrodm/Markdown/Diagnosing_outliers_and_visualization_of_quantile_re
gression_models_files/figure-latex/single-case-1.pdf>]
<Diagnosing_outliers_and_visualization_of_quantile_regression_models_files/figu
re-latex/multi-case-1.pdf, id=411, 433.62pt x 216.81pt>
File: Diagnosing_outliers_and_visualization_of_quantile_regression_models_files
/figure-latex/multi-case-1.pdf Graphic file (type pdf)

<use Diagnosing_outliers_and_visualization_of_quantile_regression_models_files/
figure-latex/multi-case-1.pdf>
Package pdftex.def Info: Diagnosing_outliers_and_visualization_of_quantile_regr
ession_models_files/figure-latex/multi-case-1.pdf used on input line 798.
(pdftex.def)             Requested size: 354.12434pt x 177.07076pt.

Overfull \hbox (10.94998pt too wide) has occurred while \output is active
\T1/aer/m/n/10.95 14 []
 []

[14 <E:/vis-qrodm/Markdown/Diagnosing_outliers_and_visualization_of_quantile_re
gression_models_files/figure-latex/multi-case-1.pdf>]
LaTeX Font Info:    Try loading font information for TS1+aett on input line 886
.
LaTeX Font Info:    No file TS1aett.fd. on input line 886.

LaTeX Font Warning: Font shape `TS1/aett/m/sl' undefined
(Font)              using `TS1/cmr/m/n' instead
(Font)              for symbol `textquotesingle' on input line 886.


<Diagnosing_outliers_and_visualization_of_quantile_regression_models_files/figu
re-latex/unnamed-chunk-4-1.pdf, id=426, 578.16pt x 216.81pt>
File: Diagnosing_outliers_and_visualization_of_quantile_regression_models_files
/figure-latex/unnamed-chunk-4-1.pdf Graphic file (type pdf)

<use Diagnosing_outliers_and_visualization_of_quantile_regression_models_files/
figure-latex/unnamed-chunk-4-1.pdf>
Package pdftex.def Info: Diagnosing_outliers_and_visualization_of_quantile_regr
ession_models_files/figure-latex/unnamed-chunk-4-1.pdf used on input line 892.
(pdftex.def)             Requested size: 354.12434pt x 132.79645pt.

Overfull \hbox (10.94998pt too wide) has occurred while \output is active
[] \T1/aer/m/n/10.95 15
 []

[15]
<Diagnosing_outliers_and_visualization_of_quantile_regression_models_files/figu
re-latex/unnamed-chunk-5-1.pdf, id=431, 578.16pt x 216.81pt>
File: Diagnosing_outliers_and_visualization_of_quantile_regression_models_files
/figure-latex/unnamed-chunk-5-1.pdf Graphic file (type pdf)

<use Diagnosing_outliers_and_visualization_of_quantile_regression_models_files/
figure-latex/unnamed-chunk-5-1.pdf>
Package pdftex.def Info: Diagnosing_outliers_and_visualization_of_quantile_regr
ession_models_files/figure-latex/unnamed-chunk-5-1.pdf used on input line 923.
(pdftex.def)             Requested size: 354.12434pt x 132.79645pt.

Overfull \hbox (10.94998pt too wide) has occurred while \output is active
\T1/aer/m/n/10.95 16 []
 []

[16 <E:/vis-qrodm/Markdown/Diagnosing_outliers_and_visualization_of_quantile_re
gression_models_files/figure-latex/unnamed-chunk-4-1.pdf> <E:/vis-qrodm/Markdow
n/Diagnosing_outliers_and_visualization_of_quantile_regression_models_files/fig
ure-latex/unnamed-chunk-5-1.pdf>]
<Diagnosing_outliers_and_visualization_of_quantile_regression_models_files/figu
re-latex/unnamed-chunk-6-1.pdf, id=450, 578.16pt x 216.81pt>
File: Diagnosing_outliers_and_visualization_of_quantile_regression_models_files
/figure-latex/unnamed-chunk-6-1.pdf Graphic file (type pdf)

<use Diagnosing_outliers_and_visualization_of_quantile_regression_models_files/
figure-latex/unnamed-chunk-6-1.pdf>
Package pdftex.def Info: Diagnosing_outliers_and_visualization_of_quantile_regr
ession_models_files/figure-latex/unnamed-chunk-6-1.pdf used on input line 945.
(pdftex.def)             Requested size: 354.12434pt x 132.79645pt.

Overfull \hbox (30.15207pt too wide) in paragraph at lines 955--964
[]\T1/aer/m/n/10.95 \begin{CodeInput} R> y <- ais_female$\OML/cmm/m/it/10.95 BM
IR > x < \OMS/cmsy/m/n/10.95  \OML/cmm/m/it/10.95 matrix\OT1/cmr/m/n/10.95 (\OM
L/cmm/m/it/10.95 c\OT1/cmr/m/n/10.95 (\OML/cmm/m/it/10.95 ais[]emale$\T1/aer/m/
n/10.95 LBM, ais_female$Bfat),
 []


Overfull \hbox (10.94998pt too wide) has occurred while \output is active
[] \T1/aer/m/n/10.95 17
 []

[17 <E:/vis-qrodm/Markdown/Diagnosing_outliers_and_visualization_of_quantile_re
gression_models_files/figure-latex/unnamed-chunk-6-1.pdf>]

Package amsfonts Warning: Obsolete command \bold; \mathbf should be used instea
d on input line 1070.


Overfull \hbox (10.94998pt too wide) has occurred while \output is active
\T1/aer/m/n/10.95 18 []
 []

[18]
<Figures/QR-model-single-pixel/linear-3D-1.png, id=470, 268.75406pt x 253.69781
pt>
File: Figures/QR-model-single-pixel/linear-3D-1.png Graphic file (type png)
<use Figures/QR-model-single-pixel/linear-3D-1.png>
Package pdftex.def Info: Figures/QR-model-single-pixel/linear-3D-1.png used on 
input line 1089.
(pdftex.def)             Requested size: 110.66344pt x 104.46194pt.

<Figures/QR-model-single-pixel/linear-3D-2.png, id=472, 264.99pt x 250.68657pt>
File: Figures/QR-model-single-pixel/linear-3D-2.png Graphic file (type png)
<use Figures/QR-model-single-pixel/linear-3D-2.png>
Package pdftex.def Info: Figures/QR-model-single-pixel/linear-3D-2.png used on 
input line 1089.
(pdftex.def)             Requested size: 110.66344pt x 104.6909pt.

<Figures/QR-model-single-pixel/linear-3D-3.png, id=473, 267.24844pt x 250.68657
pt>
File: Figures/QR-model-single-pixel/linear-3D-3.png Graphic file (type png)
<use Figures/QR-model-single-pixel/linear-3D-3.png>
Package pdftex.def Info: Figures/QR-model-single-pixel/linear-3D-3.png used on 
input line 1089.
(pdftex.def)             Requested size: 110.66344pt x 103.8073pt.

<Figures/QR-model-single-pixel/linear-3D-4.png, id=474, 267.24844pt x 250.68657
pt>
File: Figures/QR-model-single-pixel/linear-3D-4.png Graphic file (type png)
<use Figures/QR-model-single-pixel/linear-3D-4.png>
Package pdftex.def Info: Figures/QR-model-single-pixel/linear-3D-4.png used on 
input line 1089.
(pdftex.def)             Requested size: 110.66344pt x 103.8073pt.

<Figures/QR-model-single-pixel/linear-3D-5.png, id=475, 266.49562pt x 251.43938
pt>
File: Figures/QR-model-single-pixel/linear-3D-5.png Graphic file (type png)
<use Figures/QR-model-single-pixel/linear-3D-5.png>
Package pdftex.def Info: Figures/QR-model-single-pixel/linear-3D-5.png used on 
input line 1089.
(pdftex.def)             Requested size: 110.66344pt x 104.41061pt.

<Figures/QR-model-single-pixel/linear-3D-6.png, id=476, 268.00125pt x 249.93375
pt>
File: Figures/QR-model-single-pixel/linear-3D-6.png Graphic file (type png)
<use Figures/QR-model-single-pixel/linear-3D-6.png>
Package pdftex.def Info: Figures/QR-model-single-pixel/linear-3D-6.png used on 
input line 1089.
(pdftex.def)             Requested size: 110.66344pt x 103.2019pt.

<Figures/QR-model-single-pixel/linear-3D-7.png, id=477, 262.73157pt x 248.42813
pt>
File: Figures/QR-model-single-pixel/linear-3D-7.png Graphic file (type png)
<use Figures/QR-model-single-pixel/linear-3D-7.png>
Package pdftex.def Info: Figures/QR-model-single-pixel/linear-3D-7.png used on 
input line 1089.
(pdftex.def)             Requested size: 110.66344pt x 104.63857pt.

<Figures/QR-model-single-pixel/linear-3D-8.png, id=478, 263.48438pt x 251.43938
pt>
File: Figures/QR-model-single-pixel/linear-3D-8.png Graphic file (type png)
<use Figures/QR-model-single-pixel/linear-3D-8.png>
Package pdftex.def Info: Figures/QR-model-single-pixel/linear-3D-8.png used on 
input line 1089.
(pdftex.def)             Requested size: 110.66344pt x 105.6038pt.

<Figures/QR-model-single-pixel/linear-3D-9.png, id=479, 266.49562pt x 249.93375
pt>
File: Figures/QR-model-single-pixel/linear-3D-9.png Graphic file (type png)
<use Figures/QR-model-single-pixel/linear-3D-9.png>
Package pdftex.def Info: Figures/QR-model-single-pixel/linear-3D-9.png used on 
input line 1089.
(pdftex.def)             Requested size: 110.66344pt x 103.7854pt.

<Figures/QR-model-single-pixel/linear-4D-1.png, id=482, 266.49562pt x 252.945pt
>
File: Figures/QR-model-single-pixel/linear-4D-1.png Graphic file (type png)
<use Figures/QR-model-single-pixel/linear-4D-1.png>
Package pdftex.def Info: Figures/QR-model-single-pixel/linear-4D-1.png used on 
input line 1111.
(pdftex.def)             Requested size: 110.66344pt x 105.03583pt.

<Figures/QR-model-single-pixel/linear-4D-2.png, id=483, 264.23718pt x 250.68657
pt>
File: Figures/QR-model-single-pixel/linear-4D-2.png Graphic file (type png)
<use Figures/QR-model-single-pixel/linear-4D-2.png>
Package pdftex.def Info: Figures/QR-model-single-pixel/linear-4D-2.png used on 
input line 1111.
(pdftex.def)             Requested size: 110.66344pt x 104.98544pt.

<Figures/QR-model-single-pixel/linear-4D-3.png, id=484, 263.48438pt x 250.68657
pt>
File: Figures/QR-model-single-pixel/linear-4D-3.png Graphic file (type png)
<use Figures/QR-model-single-pixel/linear-4D-3.png>
Package pdftex.def Info: Figures/QR-model-single-pixel/linear-4D-3.png used on 
input line 1111.
(pdftex.def)             Requested size: 110.66344pt x 105.28763pt.

<Figures/QR-model-single-pixel/linear-4D-4.png, id=485, 264.99pt x 252.19218pt>
File: Figures/QR-model-single-pixel/linear-4D-4.png Graphic file (type png)
<use Figures/QR-model-single-pixel/linear-4D-4.png>
Package pdftex.def Info: Figures/QR-model-single-pixel/linear-4D-4.png used on 
input line 1111.
(pdftex.def)             Requested size: 110.66344pt x 105.31967pt.

<Figures/QR-model-single-pixel/linear-4D-5.png, id=486, 263.48438pt x 249.93375
pt>
File: Figures/QR-model-single-pixel/linear-4D-5.png Graphic file (type png)
<use Figures/QR-model-single-pixel/linear-4D-5.png>
Package pdftex.def Info: Figures/QR-model-single-pixel/linear-4D-5.png used on 
input line 1111.
(pdftex.def)             Requested size: 110.66344pt x 104.97145pt.

<Figures/QR-model-single-pixel/linear-4D-6.png, id=487, 265.74281pt x 249.93375
pt>
File: Figures/QR-model-single-pixel/linear-4D-6.png Graphic file (type png)
<use Figures/QR-model-single-pixel/linear-4D-6.png>
Package pdftex.def Info: Figures/QR-model-single-pixel/linear-4D-6.png used on 
input line 1111.
(pdftex.def)             Requested size: 110.66344pt x 104.08287pt.

<Figures/QR-model-single-pixel/linear-4D-7.png, id=488, 265.74281pt x 249.18094
pt>
File: Figures/QR-model-single-pixel/linear-4D-7.png Graphic file (type png)
<use Figures/QR-model-single-pixel/linear-4D-7.png>
Package pdftex.def Info: Figures/QR-model-single-pixel/linear-4D-7.png used on 
input line 1111.
(pdftex.def)             Requested size: 110.66344pt x 103.76936pt.

<Figures/QR-model-single-pixel/linear-4D-8.png, id=489, 268.00125pt x 247.67531
pt>
File: Figures/QR-model-single-pixel/linear-4D-8.png Graphic file (type png)
<use Figures/QR-model-single-pixel/linear-4D-8.png>
Package pdftex.def Info: Figures/QR-model-single-pixel/linear-4D-8.png used on 
input line 1111.
(pdftex.def)             Requested size: 110.66344pt x 102.26935pt.

<Figures/QR-model-single-pixel/linear-4D-9.png, id=490, 264.99pt x 248.42813pt>
File: Figures/QR-model-single-pixel/linear-4D-9.png Graphic file (type png)
<use Figures/QR-model-single-pixel/linear-4D-9.png>
Package pdftex.def Info: Figures/QR-model-single-pixel/linear-4D-9.png used on 
input line 1111.
(pdftex.def)             Requested size: 110.66344pt x 103.74774pt.

Overfull \hbox (10.94998pt too wide) has occurred while \output is active
[] \T1/aer/m/n/10.95 19
 []

[19 <E:/vis-qrodm/Markdown/Figures/QR-model-single-pixel/linear-3D-1.png> <E:/v
is-qrodm/Markdown/Figures/QR-model-single-pixel/linear-3D-2.png> <E:/vis-qrodm/
Markdown/Figures/QR-model-single-pixel/linear-3D-3.png> <E:/vis-qrodm/Markdown/
Figures/QR-model-single-pixel/linear-3D-4.png> <E:/vis-qrodm/Markdown/Figures/Q
R-model-single-pixel/linear-3D-5.png> <E:/vis-qrodm/Markdown/Figures/QR-model-s
ingle-pixel/linear-3D-6.png> <E:/vis-qrodm/Markdown/Figures/QR-model-single-pix
el/linear-3D-7.png> <E:/vis-qrodm/Markdown/Figures/QR-model-single-pixel/linear
-3D-8.png> <E:/vis-qrodm/Markdown/Figures/QR-model-single-pixel/linear-3D-9.png
>]
Overfull \hbox (10.94998pt too wide) has occurred while \output is active
\T1/aer/m/n/10.95 20 []
 []

[20 <E:/vis-qrodm/Markdown/Figures/QR-model-single-pixel/linear-4D-1.png> <E:/v
is-qrodm/Markdown/Figures/QR-model-single-pixel/linear-4D-2.png> <E:/vis-qrodm/
Markdown/Figures/QR-model-single-pixel/linear-4D-3.png> <E:/vis-qrodm/Markdown/
Figures/QR-model-single-pixel/linear-4D-4.png> <E:/vis-qrodm/Markdown/Figures/Q
R-model-single-pixel/linear-4D-5.png> <E:/vis-qrodm/Markdown/Figures/QR-model-s
ingle-pixel/linear-4D-6.png> <E:/vis-qrodm/Markdown/Figures/QR-model-single-pix
el/linear-4D-7.png> <E:/vis-qrodm/Markdown/Figures/QR-model-single-pixel/linear
-4D-8.png> <E:/vis-qrodm/Markdown/Figures/QR-model-single-pixel/linear-4D-9.png
>] <Figures/QR-model/curve1-1.png, id=523, 259.7203pt x 249.93375pt>
File: Figures/QR-model/curve1-1.png Graphic file (type png)
<use Figures/QR-model/curve1-1.png>
Package pdftex.def Info: Figures/QR-model/curve1-1.png used on input line 1136.

(pdftex.def)             Requested size: 115.08754pt x 110.74918pt.
<Figures/QR-model/curve1-5.png, id=524, 265.74281pt x 252.19218pt>
File: Figures/QR-model/curve1-5.png Graphic file (type png)
<use Figures/QR-model/curve1-5.png>
Package pdftex.def Info: Figures/QR-model/curve1-5.png used on input line 1136.

(pdftex.def)             Requested size: 115.08754pt x 109.2217pt.
<Figures/QR-model/curve1-3.png, id=525, 268.75406pt x 252.945pt>
File: Figures/QR-model/curve1-3.png Graphic file (type png)
<use Figures/QR-model/curve1-3.png>
Package pdftex.def Info: Figures/QR-model/curve1-3.png used on input line 1136.

(pdftex.def)             Requested size: 115.08754pt x 108.31651pt.
<Figures/QR-model/curve1-4.png, id=526, 267.24844pt x 249.93375pt>
File: Figures/QR-model/curve1-4.png Graphic file (type png)
<use Figures/QR-model/curve1-4.png>
Package pdftex.def Info: Figures/QR-model/curve1-4.png used on input line 1136.

(pdftex.def)             Requested size: 115.08754pt x 107.63339pt.
<Figures/QR-model/curve1-2.png, id=527, 267.24844pt x 246.9225pt>
File: Figures/QR-model/curve1-2.png Graphic file (type png)
<use Figures/QR-model/curve1-2.png>
Package pdftex.def Info: Figures/QR-model/curve1-2.png used on input line 1136.

(pdftex.def)             Requested size: 115.08754pt x 106.33661pt.
<Figures/QR-model/curve1-6.png, id=528, 265.74281pt x 248.42813pt>
File: Figures/QR-model/curve1-6.png Graphic file (type png)
<use Figures/QR-model/curve1-6.png>
Package pdftex.def Info: Figures/QR-model/curve1-6.png used on input line 1136.

(pdftex.def)             Requested size: 115.08754pt x 107.59152pt.
<Figures/QR-model/curve1-7.png, id=529, 265.74281pt x 250.68657pt>
File: Figures/QR-model/curve1-7.png Graphic file (type png)
<use Figures/QR-model/curve1-7.png>
Package pdftex.def Info: Figures/QR-model/curve1-7.png used on input line 1136.

(pdftex.def)             Requested size: 115.08754pt x 108.56963pt.
<Figures/QR-model/curve1-8.png, id=530, 267.24844pt x 249.93375pt>
File: Figures/QR-model/curve1-8.png Graphic file (type png)
<use Figures/QR-model/curve1-8.png>
Package pdftex.def Info: Figures/QR-model/curve1-8.png used on input line 1136.

(pdftex.def)             Requested size: 115.08754pt x 107.63339pt.
<Figures/QR-model/curve1-9.png, id=531, 269.50688pt x 253.69781pt>
File: Figures/QR-model/curve1-9.png Graphic file (type png)
<use Figures/QR-model/curve1-9.png>
Package pdftex.def Info: Figures/QR-model/curve1-9.png used on input line 1136.

(pdftex.def)             Requested size: 115.08754pt x 108.33693pt.
<Figures/QR-model/curve2-1.png, id=532, 266.49562pt x 254.45062pt>
File: Figures/QR-model/curve2-1.png Graphic file (type png)
<use Figures/QR-model/curve2-1.png>
Package pdftex.def Info: Figures/QR-model/curve2-1.png used on input line 1147.

(pdftex.def)             Requested size: 110.66344pt x 105.66104pt.
<Figures/QR-model/curve2-2.png, id=533, 267.24844pt x 251.43938pt>
File: Figures/QR-model/curve2-2.png Graphic file (type png)
<use Figures/QR-model/curve2-2.png>
Package pdftex.def Info: Figures/QR-model/curve2-2.png used on input line 1147.

(pdftex.def)             Requested size: 110.66344pt x 104.11902pt.
<Figures/QR-model/curve2-3.png, id=534, 266.49562pt x 249.93375pt>
File: Figures/QR-model/curve2-3.png Graphic file (type png)
<use Figures/QR-model/curve2-3.png>
Package pdftex.def Info: Figures/QR-model/curve2-3.png used on input line 1147.

(pdftex.def)             Requested size: 110.66344pt x 103.7854pt.
<Figures/QR-model/curve2-4.png, id=535, 267.24844pt x 252.19218pt>
File: Figures/QR-model/curve2-4.png Graphic file (type png)
<use Figures/QR-model/curve2-4.png>
Package pdftex.def Info: Figures/QR-model/curve2-4.png used on input line 1147.

(pdftex.def)             Requested size: 110.66344pt x 104.43076pt.
<Figures/QR-model/curve2-5.png, id=536, 268.00125pt x 251.43938pt>
File: Figures/QR-model/curve2-5.png Graphic file (type png)
<use Figures/QR-model/curve2-5.png>
Package pdftex.def Info: Figures/QR-model/curve2-5.png used on input line 1147.

(pdftex.def)             Requested size: 110.66344pt x 103.82361pt.
<Figures/QR-model/curve2-6.png, id=537, 268.75406pt x 251.43938pt>
File: Figures/QR-model/curve2-6.png Graphic file (type png)
<use Figures/QR-model/curve2-6.png>
Package pdftex.def Info: Figures/QR-model/curve2-6.png used on input line 1147.

(pdftex.def)             Requested size: 110.66344pt x 103.53201pt.
<Figures/QR-model/curve2-7.png, id=538, 267.24844pt x 252.19218pt>
File: Figures/QR-model/curve2-7.png Graphic file (type png)
<use Figures/QR-model/curve2-7.png>
Package pdftex.def Info: Figures/QR-model/curve2-7.png used on input line 1147.

(pdftex.def)             Requested size: 110.66344pt x 104.43076pt.
<Figures/QR-model/curve2-8.png, id=539, 270.25969pt x 252.945pt>
File: Figures/QR-model/curve2-8.png Graphic file (type png)
<use Figures/QR-model/curve2-8.png>
Package pdftex.def Info: Figures/QR-model/curve2-8.png used on input line 1147.

(pdftex.def)             Requested size: 110.66344pt x 103.57303pt.
<Figures/QR-model/curve2-9.png, id=540, 266.49562pt x 249.93375pt>
File: Figures/QR-model/curve2-9.png Graphic file (type png)
<use Figures/QR-model/curve2-9.png>
Package pdftex.def Info: Figures/QR-model/curve2-9.png used on input line 1147.

(pdftex.def)             Requested size: 110.66344pt x 103.7854pt.

Overfull \hbox (10.94998pt too wide) has occurred while \output is active
[] \T1/aer/m/n/10.95 21
 []

[21 <E:/vis-qrodm/Markdown/Figures/QR-model/curve1-1.png> <E:/vis-qrodm/Markdow
n/Figures/QR-model/curve1-5.png> <E:/vis-qrodm/Markdown/Figures/QR-model/curve1
-3.png> <E:/vis-qrodm/Markdown/Figures/QR-model/curve1-4.png> <E:/vis-qrodm/Mar
kdown/Figures/QR-model/curve1-2.png> <E:/vis-qrodm/Markdown/Figures/QR-model/cu
rve1-6.png> <E:/vis-qrodm/Markdown/Figures/QR-model/curve1-7.png> <E:/vis-qrodm
/Markdown/Figures/QR-model/curve1-8.png> <E:/vis-qrodm/Markdown/Figures/QR-mode
l/curve1-9.png>]
Overfull \hbox (10.94998pt too wide) has occurred while \output is active
\T1/aer/m/n/10.95 22 []
 []

[22 <E:/vis-qrodm/Markdown/Figures/QR-model/curve2-1.png> <E:/vis-qrodm/Markdow
n/Figures/QR-model/curve2-2.png> <E:/vis-qrodm/Markdown/Figures/QR-model/curve2
-3.png> <E:/vis-qrodm/Markdown/Figures/QR-model/curve2-4.png> <E:/vis-qrodm/Mar
kdown/Figures/QR-model/curve2-5.png> <E:/vis-qrodm/Markdown/Figures/QR-model/cu
rve2-6.png> <E:/vis-qrodm/Markdown/Figures/QR-model/curve2-7.png> <E:/vis-qrodm
/Markdown/Figures/QR-model/curve2-8.png> <E:/vis-qrodm/Markdown/Figures/QR-mode
l/curve2-9.png>]
(E:\vis-qrodm\Markdown\Diagnosing_outliers_and_visualization_of_quantile_regres
sion_models.bbl
Overfull \hbox (10.94998pt too wide) has occurred while \output is active
[] \T1/aer/m/n/10.95 23
 []

[23]
Overfull \hbox (10.94998pt too wide) has occurred while \output is active
\T1/aer/m/n/10.95 24 []
 []

[24])
Underfull \hbox (badness 10000) in paragraph at lines 1183--1183

 []


Underfull \hbox (badness 10000) in paragraph at lines 1183--1183

 []


Underfull \hbox (badness 10000) in paragraph at lines 1183--1183

 []

LaTeX Font Info:    Font shape `T1/pzc/m/n' in size <13> not available
(Font)              Font shape `T1/pzc/mb/it' tried instead on input line 1183.

Package atveryend Info: Empty hook `BeforeClearDocument' on input line 1183.

Overfull \hbox (10.94998pt too wide) has occurred while \output is active
[] \T1/aer/m/n/10.95 25
 []

[25]
Package atveryend Info: Empty hook `AfterLastShipout' on input line 1183.

(E:\vis-qrodm\Markdown\Diagnosing_outliers_and_visualization_of_quantile_regres
sion_models.aux)
Package atveryend Info: Executing hook `AtVeryEndDocument' on input line 1183.
Package atveryend Info: Executing hook `AtEndAfterFileList' on input line 1183.

Package rerunfilecheck Info: File `Diagnosing_outliers_and_visualization_of_qua
ntile_regression_models.out' has not changed.
(rerunfilecheck)             Checksum: C38802DAED2FEDECD855C7F65257098D;2442.

LaTeX Font Warning: Some font shapes were not available, defaults substituted.


LaTeX Warning: Label(s) may have changed. Rerun to get cross-references right.

 ) 
Here is how much of TeX's memory you used:
 8105 strings out of 495354
 123935 string characters out of 3183860
 198451 words of memory out of 3000000
 10923 multiletter control sequences out of 15000+200000
 47048 words of font info for 91 fonts, out of 3000000 for 9000
 14 hyphenation exceptions out of 8191
 36i,11n,34p,876b,480s stack positions out of 5000i,500n,10000p,200000b,50000s
{C:/CTEX/MiKTeX/fonts/enc/dvips/cm-super/cm-super-ts1.enc}{C:/CTEX/MiKTeX/fon
ts/enc/dvips/fontname/8r.enc}<C:/CTEX/MiKTeX/fonts/type1/public/amsfonts/cm/cmb
sy10.pfb><C:/CTEX/MiKTeX/fonts/type1/public/amsfonts/cmextra/cmbsy6.pfb><C:/CTE
X/MiKTeX/fonts/type1/public/amsfonts/cmextra/cmbsy8.pfb><C:/CTEX/MiKTeX/fonts/t
ype1/public/amsfonts/cm/cmbx10.pfb><C:/CTEX/MiKTeX/fonts/type1/public/amsfonts/
cm/cmbx12.pfb><C:/CTEX/MiKTeX/fonts/type1/public/amsfonts/cm/cmbx8.pfb><C:/CTEX
/MiKTeX/fonts/type1/public/amsfonts/cm/cmex10.pfb><C:/CTEX/MiKTeX/fonts/type1/p
ublic/amsfonts/cm/cmmi10.pfb><C:/CTEX/MiKTeX/fonts/type1/public/amsfonts/cm/cmm
i6.pfb><C:/CTEX/MiKTeX/fonts/type1/public/amsfonts/cm/cmmi8.pfb><C:/CTEX/MiKTeX
/fonts/type1/public/amsfonts/cm/cmmib10.pfb><C:/CTEX/MiKTeX/fonts/type1/public/
amsfonts/cm/cmr10.pfb><C:/CTEX/MiKTeX/fonts/type1/public/amsfonts/cm/cmr6.pfb><
C:/CTEX/MiKTeX/fonts/type1/public/amsfonts/cm/cmr8.pfb><C:/CTEX/MiKTeX/fonts/ty
pe1/public/amsfonts/cm/cmsl10.pfb><C:/CTEX/MiKTeX/fonts/type1/public/amsfonts/c
m/cmsltt10.pfb><C:/CTEX/MiKTeX/fonts/type1/public/amsfonts/cm/cmsy10.pfb><C:/CT
EX/MiKTeX/fonts/type1/public/amsfonts/cm/cmsy6.pfb><C:/CTEX/MiKTeX/fonts/type1/
public/amsfonts/cm/cmsy8.pfb><C:/CTEX/MiKTeX/fonts/type1/public/amsfonts/cm/cmt
i10.pfb><C:/CTEX/MiKTeX/fonts/type1/public/amsfonts/cm/cmtt10.pfb><C:/CTEX/MiKT
eX/fonts/type1/public/amsfonts/symbols/msbm10.pfb><C:/CTEX/MiKTeX/fonts/type1/p
ublic/cm-super/sfrm1095.pfb><C:/CTEX/MiKTeX/fonts/type1/urw/zapfchan/uzcmi8a.pf
b>
Output written on Diagnosing_outliers_and_visualization_of_quantile_regression_
models.pdf (25 pages, 725710 bytes).
PDF statistics:
 695 PDF objects out of 1000 (max. 8388607)
 141 named destinations out of 1000 (max. 500000)
 398 words of extra memory for PDF output out of 10000 (max. 10000000)

